\BOOKMARK [0][-]{chapter.1}{\376\377\000D\000o\000c\000u\000m\000e\000n\000t\000a\000t\000i\000o\000n\000\040\000C\000a\000l\000c\000u\000l\000a\000t\000r\000i\000c\000e\000\040\000C\000p\000p}{}% 1
\BOOKMARK [1][-]{section.1.1}{\376\377\000I\000n\000t\000r\000o\000d\000u\000c\000t\000i\000o\000n}{chapter.1}% 2
\BOOKMARK [0][-]{chapter.2}{\376\377\000I\000n\000d\000e\000x\000\040\000d\000e\000s\000\040\000f\000i\000c\000h\000i\000e\000r\000s}{}% 3
\BOOKMARK [1][-]{section.2.1}{\376\377\000L\000i\000s\000t\000e\000\040\000d\000e\000s\000\040\000f\000i\000c\000h\000i\000e\000r\000s}{chapter.2}% 4
\BOOKMARK [0][-]{chapter.3}{\376\377\000D\000o\000c\000u\000m\000e\000n\000t\000a\000t\000i\000o\000n\000\040\000d\000e\000s\000\040\000f\000i\000c\000h\000i\000e\000r\000s}{}% 5
\BOOKMARK [1][-]{section.3.1}{\376\377\000R\000\351\000f\000\351\000r\000e\000n\000c\000e\000\040\000d\000u\000\040\000f\000i\000c\000h\000i\000e\000r\000\040\000f\000i\000c\000h\000i\000e\000r\000s\000D\000e\000c\000o\000u\000p\000e\000s\000/\000a\000d\000d\000i\000t\000i\000o\000n\000.\000c\000p\000p}{chapter.3}% 6
\BOOKMARK [2][-]{subsection.3.1.1}{\376\377\000D\000o\000c\000u\000m\000e\000n\000t\000a\000t\000i\000o\000n\000\040\000d\000e\000s\000\040\000f\000o\000n\000c\000t\000i\000o\000n\000s}{section.3.1}% 7
\BOOKMARK [3][-]{subsubsection.3.1.1.1}{\376\377\000a\000j\000o\000u\000t\000e\000r}{subsection.3.1.1}% 8
\BOOKMARK [3][-]{subsubsection.3.1.1.2}{\376\377\000a\000j\000o\000u\000t\000e\000r}{subsection.3.1.1}% 9
\BOOKMARK [3][-]{subsubsection.3.1.1.3}{\376\377\000a\000j\000o\000u\000t\000e\000r}{subsection.3.1.1}% 10
\BOOKMARK [3][-]{subsubsection.3.1.1.4}{\376\377\000a\000j\000o\000u\000t\000e\000r}{subsection.3.1.1}% 11
\BOOKMARK [1][-]{section.3.2}{\376\377\000R\000\351\000f\000\351\000r\000e\000n\000c\000e\000\040\000d\000u\000\040\000f\000i\000c\000h\000i\000e\000r\000\040\000f\000i\000c\000h\000i\000e\000r\000s\000D\000e\000c\000o\000u\000p\000e\000s\000/\000d\000i\000v\000i\000s\000i\000o\000n\000.\000c\000p\000p}{chapter.3}% 12
\BOOKMARK [2][-]{subsection.3.2.1}{\376\377\000D\000o\000c\000u\000m\000e\000n\000t\000a\000t\000i\000o\000n\000\040\000d\000e\000s\000\040\000f\000o\000n\000c\000t\000i\000o\000n\000s}{section.3.2}% 13
\BOOKMARK [3][-]{subsubsection.3.2.1.1}{\376\377\000d\000i\000v\000i\000s\000i\000o\000n}{subsection.3.2.1}% 14
\BOOKMARK [3][-]{subsubsection.3.2.1.2}{\376\377\000d\000i\000v\000i\000s\000i\000o\000n}{subsection.3.2.1}% 15
\BOOKMARK [3][-]{subsubsection.3.2.1.3}{\376\377\000d\000i\000v\000i\000s\000i\000o\000n}{subsection.3.2.1}% 16
\BOOKMARK [3][-]{subsubsection.3.2.1.4}{\376\377\000d\000i\000v\000i\000s\000i\000o\000n}{subsection.3.2.1}% 17
\BOOKMARK [1][-]{section.3.3}{\376\377\000R\000\351\000f\000\351\000r\000e\000n\000c\000e\000\040\000d\000u\000\040\000f\000i\000c\000h\000i\000e\000r\000\040\000f\000i\000c\000h\000i\000e\000r\000s\000D\000e\000c\000o\000u\000p\000e\000s\000/\000m\000o\000d\000u\000l\000o\000.\000c\000p\000p}{chapter.3}% 18
\BOOKMARK [2][-]{subsection.3.3.1}{\376\377\000D\000o\000c\000u\000m\000e\000n\000t\000a\000t\000i\000o\000n\000\040\000d\000e\000s\000\040\000f\000o\000n\000c\000t\000i\000o\000n\000s}{section.3.3}% 19
\BOOKMARK [3][-]{subsubsection.3.3.1.1}{\376\377\000m\000o\000d\000u\000l\000o}{subsection.3.3.1}% 20
\BOOKMARK [3][-]{subsubsection.3.3.1.2}{\376\377\000m\000o\000d\000u\000l\000o}{subsection.3.3.1}% 21
\BOOKMARK [1][-]{section.3.4}{\376\377\000R\000\351\000f\000\351\000r\000e\000n\000c\000e\000\040\000d\000u\000\040\000f\000i\000c\000h\000i\000e\000r\000\040\000f\000i\000c\000h\000i\000e\000r\000s\000D\000e\000c\000o\000u\000p\000e\000s\000/\000m\000u\000l\000t\000i\000p\000l\000i\000c\000a\000t\000i\000o\000n\000.\000c\000p\000p}{chapter.3}% 22
\BOOKMARK [2][-]{subsection.3.4.1}{\376\377\000D\000o\000c\000u\000m\000e\000n\000t\000a\000t\000i\000o\000n\000\040\000d\000e\000s\000\040\000f\000o\000n\000c\000t\000i\000o\000n\000s}{section.3.4}% 23
\BOOKMARK [3][-]{subsubsection.3.4.1.1}{\376\377\000m\000u\000l\000t\000i\000p\000l\000i\000c\000a\000t\000i\000o\000n}{subsection.3.4.1}% 24
\BOOKMARK [3][-]{subsubsection.3.4.1.2}{\376\377\000m\000u\000l\000t\000i\000p\000l\000i\000c\000a\000t\000i\000o\000n}{subsection.3.4.1}% 25
\BOOKMARK [3][-]{subsubsection.3.4.1.3}{\376\377\000m\000u\000l\000t\000i\000p\000l\000i\000c\000a\000t\000i\000o\000n}{subsection.3.4.1}% 26
\BOOKMARK [3][-]{subsubsection.3.4.1.4}{\376\377\000m\000u\000l\000t\000i\000p\000l\000i\000c\000a\000t\000i\000o\000n}{subsection.3.4.1}% 27
\BOOKMARK [1][-]{section.3.5}{\376\377\000R\000\351\000f\000\351\000r\000e\000n\000c\000e\000\040\000d\000u\000\040\000f\000i\000c\000h\000i\000e\000r\000\040\000f\000i\000c\000h\000i\000e\000r\000s\000D\000e\000c\000o\000u\000p\000e\000s\000/\000s\000o\000u\000s\000t\000r\000a\000c\000t\000i\000o\000n\000.\000c\000p\000p}{chapter.3}% 28
\BOOKMARK [2][-]{subsection.3.5.1}{\376\377\000D\000o\000c\000u\000m\000e\000n\000t\000a\000t\000i\000o\000n\000\040\000d\000e\000s\000\040\000f\000o\000n\000c\000t\000i\000o\000n\000s}{section.3.5}% 29
\BOOKMARK [3][-]{subsubsection.3.5.1.1}{\376\377\000s\000o\000u\000s\000t\000r\000a\000c\000t\000i\000o\000n}{subsection.3.5.1}% 30
\BOOKMARK [3][-]{subsubsection.3.5.1.2}{\376\377\000s\000o\000u\000s\000t\000r\000a\000c\000t\000i\000o\000n}{subsection.3.5.1}% 31
\BOOKMARK [3][-]{subsubsection.3.5.1.3}{\376\377\000s\000o\000u\000s\000t\000r\000a\000c\000t\000i\000o\000n}{subsection.3.5.1}% 32
\BOOKMARK [3][-]{subsubsection.3.5.1.4}{\376\377\000s\000o\000u\000s\000t\000r\000a\000c\000t\000i\000o\000n}{subsection.3.5.1}% 33
\BOOKMARK [1][-]{section.3.6}{\376\377\000R\000\351\000f\000\351\000r\000e\000n\000c\000e\000\040\000d\000u\000\040\000f\000i\000c\000h\000i\000e\000r\000\040\000m\000a\000i\000n\000.\000c\000p\000p}{chapter.3}% 34
\BOOKMARK [2][-]{subsection.3.6.1}{\376\377\000D\000e\000s\000c\000r\000i\000p\000t\000i\000o\000n\000\040\000d\000\351\000t\000a\000i\000l\000l\000\351\000e}{section.3.6}% 35
\BOOKMARK [2][-]{subsection.3.6.2}{\376\377\000D\000o\000c\000u\000m\000e\000n\000t\000a\000t\000i\000o\000n\000\040\000d\000e\000s\000\040\000f\000o\000n\000c\000t\000i\000o\000n\000s}{section.3.6}% 36
\BOOKMARK [3][-]{subsubsection.3.6.2.1}{\376\377\000m\000a\000i\000n}{subsection.3.6.2}% 37
\BOOKMARK [0][-]{section*.8}{\376\377\000I\000n\000d\000e\000x}{}% 38
